<?xml version="1.0" encoding="UTF-8"?>
<!-- Generated by org.testng.reporters.JUnitXMLReporter -->
<testsuite hostname="admin-PC" ignored="0" name="Test" tests="4" failures="0" timestamp="22 Apr 2019 15:35:14 GMT" time="91.704" errors="0">
  <testcase name="testValidLoginLogout" time="8.521" classname="com.actitime.tests.ValidLoginLogoutTest"/>
  <testcase name="testInvalidLogin" time="20.606" classname="com.actitime.tests.InvalidLoginTest"/>
  <testcase name="testVerifyVersion" time="0.338" classname="com.actitime.tests.VerifyVersionTesst"/>
  <testcase name="testVerifyBuildNum" time="10.537" classname="com.actitime.tests.VerifyBuildNumTest"/>
</testsuite> <!-- Test -->
